app/build/intermediates/manifest_merge_blame_file/debug/manifest-merger-blame-debug-report.txt
1<?xml version="1.0" encoding="utf-8"?>
2<manifest xmlns:android="http://schemas.android.com/apk/res/android"
3    package="com.example.projetandroid"
4    android:versionCode="1"
5    android:versionName="1.0" >
6
7    <uses-sdk
8        android:minSdkVersion="19"
8-->src\main\AndroidManifest.xml
9        android:targetSdkVersion="30" />
9-->src\main\AndroidManifest.xml
10
11    <uses-permission android:name="android.permission.INTERNET" />
11-->src\main\AndroidManifest.xml:5:5-67
11-->src\main\AndroidManifest.xml:5:22-64
12    <uses-permission android:name="android.permission.ACCESS_NETWORK_STATE" />
12-->src\main\AndroidManifest.xml:6:5-79
12-->src\main\AndroidManifest.xml:6:22-76
13
14    <application
14-->src\main\AndroidManifest.xml:8:5-34:19
15        android:allowBackup="true"
15-->src\main\AndroidManifest.xml:9:9-35
16        android:appComponentFactory="androidx.core.app.CoreComponentFactory"
16-->[androidx.core:core:1.3.1] AndroidManifest.xml:24:18-86
17        android:debuggable="true"
18        android:icon="@mipmap/ic_launcher"
18-->src\main\AndroidManifest.xml:10:9-43
19        android:label="@string/app_name"
19-->src\main\AndroidManifest.xml:11:9-41
20        android:roundIcon="@mipmap/ic_launcher_round"
20-->src\main\AndroidManifest.xml:12:9-54
21        android:supportsRtl="true"
21-->src\main\AndroidManifest.xml:13:9-35
22        android:testOnly="true"
23        android:theme="@style/Theme.ProjetAndroid" >
23-->src\main\AndroidManifest.xml:14:9-51
24        <activity
24-->src\main\AndroidManifest.xml:15:9-20:20
25            android:name="com.example.projetandroid.HomeActivity"
25-->src\main\AndroidManifest.xml:16:13-41
26            android:label="@string/title_activity_home"
26-->src\main\AndroidManifest.xml:17:13-56
27            android:theme="@style/Theme.ProjetAndroid.NoActionBar" >
27-->src\main\AndroidManifest.xml:18:13-67
28        </activity>
29        <activity android:name="com.example.projetandroid.ConfirmationCommandeActivity" />
29-->src\main\AndroidManifest.xml:21:9-66
29-->src\main\AndroidManifest.xml:21:19-63
30        <activity android:name="com.example.projetandroid.PanierActivity" />
30-->src\main\AndroidManifest.xml:22:9-52
30-->src\main\AndroidManifest.xml:22:19-49
31        <activity android:name="com.example.projetandroid.ProductsActivity" />
31-->src\main\AndroidManifest.xml:23:9-54
31-->src\main\AndroidManifest.xml:23:19-51
32        <activity android:name="com.example.projetandroid.PasswordOublierActivity" />
32-->src\main\AndroidManifest.xml:24:9-61
32-->src\main\AndroidManifest.xml:24:19-58
33        <activity android:name="com.example.projetandroid.LoginActivity" />
33-->src\main\AndroidManifest.xml:25:9-51
33-->src\main\AndroidManifest.xml:25:19-48
34        <activity android:name="com.example.projetandroid.InscriptionActivity" />
34-->src\main\AndroidManifest.xml:26:9-57
34-->src\main\AndroidManifest.xml:26:19-54
35        <activity android:name="com.example.projetandroid.MainActivity" >
35-->src\main\AndroidManifest.xml:27:9-33:20
35-->src\main\AndroidManifest.xml:27:19-47
36            <intent-filter>
36-->src\main\AndroidManifest.xml:28:13-32:29
37                <action android:name="android.intent.action.MAIN" />
37-->src\main\AndroidManifest.xml:29:17-69
37-->src\main\AndroidManifest.xml:29:25-66
38
39                <category android:name="android.intent.category.LAUNCHER" />
39-->src\main\AndroidManifest.xml:31:17-77
39-->src\main\AndroidManifest.xml:31:27-74
40            </intent-filter>
41        </activity>
42    </application>
43
44</manifest>